#
# There is insufficient memory for the Java Runtime Environment to continue.
# Native memory allocation (malloc) failed to allocate 122096 bytes for Chunk::new
# Possible reasons:
#   The system is out of physical RAM or swap space
#   In 32 bit mode, the process size limit was hit
# Possible solutions:
#   Reduce memory load on the system
#   Increase physical memory or swap space
#   Check if swap backing store is full
#   Use 64 bit Java on a 64 bit OS
#   Decrease Java heap size (-Xmx/-Xms)
#   Decrease number of Java threads
#   Decrease Java thread stack sizes (-Xss)
#   Set larger code cache with -XX:ReservedCodeCacheSize=
# This output file may be truncated or incomplete.
#
#  Out of Memory Error (allocation.cpp:390), pid=8964, tid=0x0000000000001ca8
#
# JRE version: Java(TM) SE Runtime Environment (8.0_141-b15) (build 1.8.0_141-b15)
# Java VM: Java HotSpot(TM) 64-Bit Server VM (25.141-b15 mixed mode windows-amd64 compressed oops)
# Failed to write core dump. Minidumps are not enabled by default on client versions of Windows
#

---------------  T H R E A D  ---------------

Current thread (0x00000000149ce800):  JavaThread "C2 CompilerThread0" daemon [_thread_in_native, id=7336, stack(0x0000000016010000,0x0000000016110000)]

Stack: [0x0000000016010000,0x0000000016110000]
[error occurred during error reporting (printing stack bounds), id 0xc0000005]

Native frames: (J=compiled Java code, j=interpreted, Vv=VM code, C=native code)


Current CompileTask:
C2:    565  403  s!   4       sun.misc.URLClassPath::getLoader (243 bytes)


---------------  P R O C E S S  ---------------

Java Threads: ( => current thread )
  0x00000000021bd800 JavaThread "DestroyJavaVM" [_thread_blocked, id=4124, stack(0x00000000021c0000,0x00000000022c0000)]
  0x0000000016a9c800 JavaThread "AWT-EventQueue-0" [_thread_in_native, id=4544, stack(0x0000000017640000,0x0000000017740000)]
  0x0000000016a97800 JavaThread "AWT-Windows" daemon [_thread_in_native, id=5204, stack(0x00000000173f0000,0x00000000174f0000)]
  0x0000000016a94800 JavaThread "AWT-Shutdown" [_thread_blocked, id=7752, stack(0x00000000172f0000,0x00000000173f0000)]
  0x0000000016a91000 JavaThread "Java2D Disposer" daemon [_thread_blocked, id=9008, stack(0x00000000171f0000,0x00000000172f0000)]
  0x000000001622d800 JavaThread "Service Thread" daemon [_thread_blocked, id=4632, stack(0x0000000016710000,0x0000000016810000)]
  0x0000000016218800 JavaThread "C1 CompilerThread2" daemon [_thread_blocked, id=4204, stack(0x0000000016610000,0x0000000016710000)]
  0x0000000014a2c000 JavaThread "C2 CompilerThread1" daemon [_thread_in_native, id=4084, stack(0x0000000016110000,0x0000000016210000)]
=>0x00000000149ce800 JavaThread "C2 CompilerThread0" daemon [_thread_in_native, id=7336, stack(0x0000000016010000,0x0000000016110000)]
  0x00000000149cc800 JavaThread "Attach Listener" daemon [_thread_blocked, id=4200, stack(0x0000000015f10000,0x0000000016010000)]
  0x00000000149cb000 JavaThread "Signal Dispatcher" daemon [_thread_blocked, id=968, stack(0x0000000015e10000,0x0000000015f10000)]
  0x00000000149ba800 JavaThread "Finalizer" daemon [_thread_blocked, id=3792, stack(0x0000000015c30000,0x0000000015d30000)]
  0x0000000014999000 JavaThread "Reference Handler" daemon [_thread_blocked, id=3608, stack(0x0000000015b30000,0x0000000015c30000)]

Other Threads:
  0x0000000014998000 VMThread [stack: 0x0000000015a30000,0x0000000015b30000] [id=8128]
  0x0000000016235000 WatcherThread [stack: 0x0000000016810000,0x0000000016910000] [id=7324]

VM state:at safepoint (normal execution)

VM Mutex/Monitor currently owned by a thread:  ([mutex/lock_event])
[0x00000000021bcb50] Threads_lock - owner thread: 0x0000000014998000
[0x00000000021bd650] Heap_lock - owner thread: 0x0000000016a9c800

Heap:
 PSYoungGen      total 18944K, used 9195K [0x00000000eb180000, 0x00000000ec680000, 0x0000000100000000)
  eden space 16384K, 56% used [0x00000000eb180000,0x00000000eba7af00,0x00000000ec180000)
  from space 2560K, 0% used [0x00000000ec400000,0x00000000ec400000,0x00000000ec680000)
  to   space 2560K, 7% used [0x00000000ec180000,0x00000000ec1b0000,0x00000000ec400000)
 ParOldGen       total 44032K, used 0K [0x00000000c1400000, 0x00000000c3f00000, 0x00000000eb180000)
  object space 44032K, 0% used [0x00000000c1400000,0x00000000c1400000,0x00000000c3f00000)
 Metaspace       used 6619K, capacity 6742K, committed 6784K, reserved 1062912K
  class space    used 794K, capacity 863K, committed 896K, reserved 1048576K

Card table byte_map: [0x0000000011780000,0x0000000011980000] byte_map_base: 0x0000000011176000

Marking Bits: (ParMarkBitMap*) 0x000000006601d850
 Begin Bits: [0x0000000011ed0000, 0x0000000012e80000)
 End Bits:   [0x0000000012e80000, 0x0000000013e30000)

Polling page: 0x00000000020e0000

CodeCache: size=245760Kb used=1993Kb max_used=1993Kb free=243766Kb
 bounds [0x00000000023c0000, 0x0000000002630000, 0x00000000113c0000]
 total_blobs=724 nmethods=401 adapters=236
 compilation: enabled

Compilation events (10 events):
Event: 0.556 Thread 0x0000000016218800  398       3       java.io.File::exists (43 bytes)
Event: 0.557 Thread 0x0000000016218800 nmethod 398 0x00000000025adad0 code [0x00000000025adc60, 0x00000000025ae0e8]
Event: 0.557 Thread 0x0000000016218800  399       3       java.util.jar.Attributes$Name::hashCode (24 bytes)
Event: 0.557 Thread 0x0000000016218800 nmethod 399 0x00000000025ae210 code [0x00000000025ae380, 0x00000000025ae548]
Event: 0.558 Thread 0x0000000016218800  400       3       java.util.WeakHashMap::remove (133 bytes)
Event: 0.558 Thread 0x0000000014a2c000  402  s    4       sun.misc.URLClassPath::getNextLoader (88 bytes)
Event: 0.558 Thread 0x00000000149ce800  403  s!   4       sun.misc.URLClassPath::getLoader (243 bytes)
Event: 0.559 Thread 0x0000000016218800 nmethod 400 0x00000000025ae5d0 code [0x00000000025ae7c0, 0x00000000025af288]
Event: 0.559 Thread 0x0000000016218800  401   !   3       sun.misc.URLClassPath$JarLoader::getResource (353 bytes)
Event: 0.562 Thread 0x0000000016218800 nmethod 401 0x00000000025af710 code [0x00000000025afb20, 0x00000000025b1908]

GC Heap History (0 events):
No events

Deoptimization events (1 events):
Event: 0.550 Thread 0x0000000016a9c800 Uncommon trap: reason=unstable_if action=reinterpret pc=0x0000000002566f04 method=java.lang.String.indexOf([CII[CIII)I @ 134

Internal exceptions (9 events):
Event: 0.060 Thread 0x00000000021bd800 Exception <a 'java/lang/NoSuchMethodError': Method sun.misc.Unsafe.defineClass(Ljava/lang/String;[BII)Ljava/lang/Class; name or signature does not match> (0x00000000eb187ca8) thrown at [C:\re\workspace\8-2-build-windows-amd64-cygwin\jdk8u141\9370\hotspot\
Event: 0.060 Thread 0x00000000021bd800 Exception <a 'java/lang/NoSuchMethodError': Method sun.misc.Unsafe.prefetchRead(Ljava/lang/Object;J)V name or signature does not match> (0x00000000eb187f90) thrown at [C:\re\workspace\8-2-build-windows-amd64-cygwin\jdk8u141\9370\hotspot\src\share\vm\prims
Event: 0.227 Thread 0x00000000021bd800 Exception <a 'java/security/PrivilegedActionException'> (0x00000000eb2fa678) thrown at [C:\re\workspace\8-2-build-windows-amd64-cygwin\jdk8u141\9370\hotspot\src\share\vm\prims\jvm.cpp, line 1390]
Event: 0.227 Thread 0x00000000021bd800 Exception <a 'java/security/PrivilegedActionException'> (0x00000000eb2fa888) thrown at [C:\re\workspace\8-2-build-windows-amd64-cygwin\jdk8u141\9370\hotspot\src\share\vm\prims\jvm.cpp, line 1390]
Event: 0.228 Thread 0x00000000021bd800 Exception <a 'java/security/PrivilegedActionException'> (0x00000000eb2fe4f8) thrown at [C:\re\workspace\8-2-build-windows-amd64-cygwin\jdk8u141\9370\hotspot\src\share\vm\prims\jvm.cpp, line 1390]
Event: 0.228 Thread 0x00000000021bd800 Exception <a 'java/security/PrivilegedActionException'> (0x00000000eb2fe708) thrown at [C:\re\workspace\8-2-build-windows-amd64-cygwin\jdk8u141\9370\hotspot\src\share\vm\prims\jvm.cpp, line 1390]
Event: 0.232 Thread 0x00000000021bd800 Exception <a 'java/io/FileNotFoundException'> (0x00000000eb300920) thrown at [C:\re\workspace\8-2-build-windows-amd64-cygwin\jdk8u141\9370\hotspot\src\share\vm\prims\jni.cpp, line 709]
Event: 0.291 Thread 0x00000000021bd800 Exception <a 'java/lang/NoSuchFieldError': method resolution failed> (0x00000000eb3ce440) thrown at [C:\re\workspace\8-2-build-windows-amd64-cygwin\jdk8u141\9370\hotspot\src\share\vm\prims\methodHandles.cpp, line 1146]
Event: 0.294 Thread 0x00000000021bd800 Exception <a 'java/lang/NoSuchFieldError': method resolution failed> (0x00000000eb3db810) thrown at [C:\re\workspace\8-2-build-windows-amd64-cygwin\jdk8u141\9370\hotspot\src\share\vm\prims\methodHandles.cpp, line 1146]

Events (10 events):
Event: 0.557 loading class org/apache/xerces/xni/XMLDocumentHandler
Event: 0.557 loading class org/apache/xerces/xni/XMLDocumentHandler done
Event: 0.557 loading class org/apache/xerces/xni/XMLDTDHandler
Event: 0.557 loading class org/apache/xerces/xni/XMLDTDHandler done
Event: 0.558 loading class org/apache/xerces/xni/XMLDTDContentModelHandler
Event: 0.558 loading class org/apache/xerces/xni/XMLDTDContentModelHandler done
Event: 0.558 loading class org/apache/xerces/parsers/XMLParser
Event: 0.558 loading class org/apache/xerces/parsers/XMLParser done
Event: 0.562 loading class org/apache/xerces/parsers/DOMParser
Event: 0.562 loading class org/apache/xerces/parsers/DOMParser done


Dynamic libraries:
0x00007ff64c0a0000 - 0x00007ff64c0d7000 	C:\Program Files\Java\jre1.8.0_141\bin\javaw.exe
0x00007ffc65150000 - 0x00007ffc65311000 	C:\WINDOWS\SYSTEM32\ntdll.dll
0x00007ffc62c80000 - 0x00007ffc62d2d000 	C:\WINDOWS\system32\KERNEL32.DLL
0x00007ffc620b0000 - 0x00007ffc62298000 	C:\WINDOWS\system32\KERNELBASE.dll
0x00007ffc62f00000 - 0x00007ffc62fa7000 	C:\WINDOWS\system32\ADVAPI32.dll
0x00007ffc63610000 - 0x00007ffc636ad000 	C:\WINDOWS\system32\msvcrt.dll
0x00007ffc65090000 - 0x00007ffc650eb000 	C:\WINDOWS\system32\sechost.dll
0x00007ffc62fb0000 - 0x00007ffc630cc000 	C:\WINDOWS\system32\RPCRT4.dll
0x00007ffc62560000 - 0x00007ffc626b6000 	C:\WINDOWS\system32\USER32.dll
0x00007ffc62ad0000 - 0x00007ffc62c57000 	C:\WINDOWS\system32\GDI32.dll
0x00007ffc53e50000 - 0x00007ffc540c4000 	C:\WINDOWS\WinSxS\amd64_microsoft.windows.common-controls_6595b64144ccf1df_6.0.10586.839_none_a2ddba30a539a2ae\COMCTL32.dll
0x00007ffc62720000 - 0x00007ffc6299e000 	C:\WINDOWS\system32\combase.dll
0x00007ffc622f0000 - 0x00007ffc6235a000 	C:\WINDOWS\system32\bcryptPrimitives.dll
0x00007ffc650f0000 - 0x00007ffc6512b000 	C:\WINDOWS\system32\IMM32.DLL
0x0000000064c60000 - 0x0000000064d32000 	C:\Program Files\Java\jre1.8.0_141\bin\msvcr100.dll
0x0000000065800000 - 0x000000006609d000 	C:\Program Files\Java\jre1.8.0_141\bin\server\jvm.dll
0x00007ffc62550000 - 0x00007ffc62558000 	C:\WINDOWS\system32\PSAPI.DLL
0x00007ffc5e580000 - 0x00007ffc5e589000 	C:\WINDOWS\SYSTEM32\WSOCK32.dll
0x00007ffc62e90000 - 0x00007ffc62efb000 	C:\WINDOWS\system32\WS2_32.dll
0x00007ffc5fa80000 - 0x00007ffc5faa3000 	C:\WINDOWS\SYSTEM32\WINMM.dll
0x00007ffc56de0000 - 0x00007ffc56dea000 	C:\WINDOWS\SYSTEM32\VERSION.dll
0x00007ffc5fa50000 - 0x00007ffc5fa7c000 	C:\WINDOWS\SYSTEM32\WINMMBASE.dll
0x00007ffc622a0000 - 0x00007ffc622e3000 	C:\WINDOWS\system32\cfgmgr32.dll
0x0000000065710000 - 0x000000006571f000 	C:\Program Files\Java\jre1.8.0_141\bin\verify.dll
0x00000000656e0000 - 0x0000000065709000 	C:\Program Files\Java\jre1.8.0_141\bin\java.dll
0x00000000656c0000 - 0x00000000656d6000 	C:\Program Files\Java\jre1.8.0_141\bin\zip.dll
0x00007ffc63b30000 - 0x00007ffc6508c000 	C:\WINDOWS\system32\SHELL32.dll
0x00007ffc61800000 - 0x00007ffc61e44000 	C:\WINDOWS\system32\windows.storage.dll
0x00007ffc63ad0000 - 0x00007ffc63b22000 	C:\WINDOWS\system32\shlwapi.dll
0x00007ffc617f0000 - 0x00007ffc617ff000 	C:\WINDOWS\system32\kernel.appcore.dll
0x00007ffc61ff0000 - 0x00007ffc620a5000 	C:\WINDOWS\system32\shcore.dll
0x00007ffc61780000 - 0x00007ffc617cb000 	C:\WINDOWS\system32\powrprof.dll
0x00007ffc617d0000 - 0x00007ffc617e4000 	C:\WINDOWS\system32\profapi.dll
0x0000000064de0000 - 0x0000000064f78000 	C:\Program Files\Java\jre1.8.0_141\bin\awt.dll
0x00007ffc62a00000 - 0x00007ffc62ac6000 	C:\WINDOWS\system32\OLEAUT32.dll
0x00007ffc60020000 - 0x00007ffc60099000 	C:\WINDOWS\system32\apphelp.dll
0x00007ffc601b0000 - 0x00007ffc60246000 	C:\WINDOWS\system32\uxtheme.dll
0x00007ffc62d30000 - 0x00007ffc62e8a000 	C:\WINDOWS\system32\MSCTF.dll
0x00007ffc5a090000 - 0x00007ffc5a133000 	C:\Program Files\Common Files\microsoft shared\ink\tiptsf.dll
0x00007ffc5f4d0000 - 0x00007ffc5f4f2000 	C:\WINDOWS\system32\dwmapi.dll
0x00007ffc63860000 - 0x00007ffc639a3000 	C:\WINDOWS\system32\ole32.dll

VM Arguments:
jvm_args: -Dfile.encoding=Cp1252 
java_command: com.javatpoint.Userlogin
java_class_path (initial): D:\softwares\eclipse\eclipse for java\javaorm\bin;E:\softwere\Video\spcorejars\ojdbc14.jar;D:\hibernate-3.0.1.jar;D:\hibernate-core-4.1.1.final.jar;D:\javax.transaction.jar;D:\org.apache.commons.dbcp.jar;D:\org.apache.commons.pool.jar;E:\softwere\Video\springjars\persistCore\org.springframework.jdbc-3.0.1.RELEASE-A.jar;E:\softwere\Video\springjars\persistCore\org.springframework.orm-3.0.1.RELEASE-A.jar;E:\softwere\Video\springjars\persistCore\org.springframework.transaction-3.0.1.RELEASE-A.jar;E:\softwere\Video\springjars\persistCore\persistence.jar;E:\softwere\Video\spcorejars\org.springframework.expression-3.0.1.RELEASE-A.jar;E:\softwere\Video\spcorejars\org.springframework.core-3.0.1.RELEASE-A.jar;E:\softwere\Video\spcorejars\org.springframework.context-3.0.1.RELEASE-A.jar;E:\softwere\Video\spcorejars\org.springframework.beans-3.0.1.RELEASE-A.jar;E:\softwere\Video\spcorejars\org.springframework.asm-3.0.1.RELEASE-A.jar;E:\softwere\Video\spcorejars\jmxtools-1.2.1.jar;E:\softwere\Video\spcorejars\com.springsource.org.apache.log4j-1.2.15.jar;E:\softwere\Video\spcorejars\com.springsource.org.apache.commons.logging-1.1.1.jar;E:\softwere\Video\mysql-connector-java-5.1.44\mysql-connector-java-5.1.44-bin.jar;D:\hibernatejar\antlr-2.7.6.jar;D:\hibernatejar\asm.jar;D:\hibernatejar\asm-attrs.jar;D:\hibernatejar\c3p0-0.9.1.jar;D:\hibernatejar\cglib-2.1.3.jar;D:\hibernatejar\commons-collections-2.1.1.jar;D:\hibernatejar\commons-logging-1.0.4.jar;D:\hibernatejar\dom4j-1.6.1.jar;D:\hibernatejar\ehcache-1.2.3.jar;D:\hibernatejar\ejb3-persistence.jar;D:\hibernatejar\hibernate3.jar;D:\hibernatejar\hibernate-annotations.jar;D:\hibernatejar\hibernate-commons-annotations.jar;D:\hibernatejar\hibernate-validator.jar;D:\hibernatejar\jdbc2_0-stdext.jar;D:\hibernatejar\jta.jar;D:\hibernatejar\log4j-1.2.11.jar;D:\hibernatejar\xerces-2.6.2.jar
Launcher Type: SUN_STANDARD

Environment Variables:
PATH=C:/Program Files/Java/jre1.8.0_141/bin/server;C:/Program Files/Java/jre1.8.0_141/bin;C:/Program Files/Java/jre1.8.0_141/lib/amd64;C:\ProgramData\Oracle\Java\javapath;C:\Program Files (x86)\Intel\iCLS Client\;C:\Program Files\Intel\iCLS Client\;C:\WINDOWS\system32;C:\WINDOWS;C:\WINDOWS\System32\Wbem;C:\WINDOWS\System32\WindowsPowerShell\v1.0\;C:\Program Files (x86)\Intel\Intel(R) Management Engine Components\DAL;C:\Program Files\Intel\Intel(R) Management Engine Components\DAL;C:\Program Files (x86)\Intel\Intel(R) Management Engine Components\IPT;C:\Program Files\Intel\Intel(R) Management Engine Components\IPT;C:\Python27;C:\Users\omani\AppData\Local\GitHubDesktop\bin;E:\softwere\Video\eclipse;
USERNAME=omani
OS=Windows_NT
PROCESSOR_IDENTIFIER=Intel64 Family 6 Model 61 Stepping 4, GenuineIntel



---------------  S Y S T E M  ---------------

OS: Windows 10.0 , 64 bit Build 10586 (10.0.10586.589)

CPU:total 4 (initial active 4) (2 cores per cpu, 2 threads per core) family 6 model 61 stepping 4, cmov, cx8, fxsr, mmx, sse, sse2, sse3, ssse3, sse4.1, sse4.2, popcnt, avx, avx2, aes, clmul, erms, 3dnowpref, lzcnt, ht, tsc, tscinvbit, bmi1, bmi2, adx

Memory: 4k page, physical 4107804k(937284k free), swap 4493444k(2172k free)

vm_info: Java HotSpot(TM) 64-Bit Server VM (25.141-b15) for windows-amd64 JRE (1.8.0_141-b15), built on Jul 12 2017 04:25:12 by "java_re" with MS VC++ 10.0 (VS2010)

time: Wed Nov 15 00:16:06 2017
elapsed time: 0 seconds (0d 0h 0m 0s)

