#
# There is insufficient memory for the Java Runtime Environment to continue.
# Native memory allocation (malloc) failed to allocate 32744 bytes for ChunkPool::allocate
# Possible reasons:
#   The system is out of physical RAM or swap space
#   In 32 bit mode, the process size limit was hit
# Possible solutions:
#   Reduce memory load on the system
#   Increase physical memory or swap space
#   Check if swap backing store is full
#   Use 64 bit Java on a 64 bit OS
#   Decrease Java heap size (-Xmx/-Xms)
#   Decrease number of Java threads
#   Decrease Java thread stack sizes (-Xss)
#   Set larger code cache with -XX:ReservedCodeCacheSize=
# This output file may be truncated or incomplete.
#
#  Out of Memory Error (allocation.cpp:273), pid=8412, tid=0x00000000000020b0
#
# JRE version: Java(TM) SE Runtime Environment (8.0_141-b15) (build 1.8.0_141-b15)
# Java VM: Java HotSpot(TM) 64-Bit Server VM (25.141-b15 mixed mode windows-amd64 compressed oops)
# Failed to write core dump. Minidumps are not enabled by default on client versions of Windows
#

---------------  T H R E A D  ---------------

Current thread (0x0000000014cd5800):  JavaThread "C1 CompilerThread2" daemon [_thread_in_native, id=8368, stack(0x00000000165f0000,0x00000000166f0000)]

Stack: [0x00000000165f0000,0x00000000166f0000]
[error occurred during error reporting (printing stack bounds), id 0xc0000005]

Native frames: (J=compiled Java code, j=interpreted, Vv=VM code, C=native code)


Current CompileTask:
C1:    336  200       3       jdk.internal.org.objectweb.asm.Frame::execute (2252 bytes)


---------------  P R O C E S S  ---------------

Java Threads: ( => current thread )
  0x0000000016719000 JavaThread "Service Thread" daemon [_thread_blocked, id=8540, stack(0x0000000016af0000,0x0000000016bf0000)]
=>0x0000000014cd5800 JavaThread "C1 CompilerThread2" daemon [_thread_in_native, id=8368, stack(0x00000000165f0000,0x00000000166f0000)]
  0x0000000014cc4800 JavaThread "C2 CompilerThread1" daemon [_thread_blocked, id=6572, stack(0x00000000164f0000,0x00000000165f0000)]
  0x0000000014cbf800 JavaThread "C2 CompilerThread0" daemon [_thread_blocked, id=8768, stack(0x00000000163f0000,0x00000000164f0000)]
  0x0000000014cbd800 JavaThread "Attach Listener" daemon [_thread_blocked, id=840, stack(0x00000000162f0000,0x00000000163f0000)]
  0x0000000014cbc000 JavaThread "Signal Dispatcher" daemon [_thread_blocked, id=6472, stack(0x00000000161f0000,0x00000000162f0000)]
  0x0000000014caa800 JavaThread "Finalizer" daemon [_thread_blocked, id=5728, stack(0x0000000015f10000,0x0000000016010000)]
  0x0000000014c89000 JavaThread "Reference Handler" daemon [_thread_blocked, id=8816, stack(0x0000000015e10000,0x0000000015f10000)]
  0x00000000009ad800 JavaThread "main" [_thread_in_vm, id=3924, stack(0x00000000024b0000,0x00000000025b0000)]

Other Threads:
  0x0000000014c88000 VMThread [stack: 0x0000000015d10000,0x0000000015e10000] [id=8108]
  0x0000000016742000 WatcherThread [stack: 0x0000000016bf0000,0x0000000016cf0000] [id=884]

VM state:not at safepoint (normal execution)

VM Mutex/Monitor currently owned by a thread: None

Heap:
 PSYoungGen      total 18944K, used 2623K [0x00000000eb180000, 0x00000000ec680000, 0x0000000100000000)
  eden space 16384K, 16% used [0x00000000eb180000,0x00000000eb40ff58,0x00000000ec180000)
  from space 2560K, 0% used [0x00000000ec400000,0x00000000ec400000,0x00000000ec680000)
  to   space 2560K, 0% used [0x00000000ec180000,0x00000000ec180000,0x00000000ec400000)
 ParOldGen       total 44032K, used 0K [0x00000000c1400000, 0x00000000c3f00000, 0x00000000eb180000)
  object space 44032K, 0% used [0x00000000c1400000,0x00000000c1400000,0x00000000c3f00000)
 Metaspace       used 4016K, capacity 4748K, committed 4992K, reserved 1056768K
  class space    used 470K, capacity 518K, committed 640K, reserved 1048576K

Card table byte_map: [0x0000000011a70000,0x0000000011c70000] byte_map_base: 0x0000000011466000

Marking Bits: (ParMarkBitMap*) 0x000000006601d850
 Begin Bits: [0x00000000121c0000, 0x0000000013170000)
 End Bits:   [0x0000000013170000, 0x0000000014120000)

Polling page: 0x0000000000990000

CodeCache: size=245760Kb used=1395Kb max_used=1407Kb free=244364Kb
 bounds [0x00000000026b0000, 0x0000000002920000, 0x00000000116b0000]
 total_blobs=464 nmethods=210 adapters=167
 compilation: enabled

Compilation events (10 events):
Event: 0.306 Thread 0x0000000014cd5800  193       3       jdk.internal.org.objectweb.asm.Type::getArgumentsAndReturnSizes (151 bytes)
Event: 0.308 Thread 0x0000000014cd5800 nmethod 193 0x00000000028061d0 code [0x0000000002806400, 0x0000000002807198]
Event: 0.308 Thread 0x0000000014cd5800  194       3       java.lang.invoke.InvokerBytecodeGenerator::isStaticallyNameable (116 bytes)
Event: 0.311 Thread 0x0000000014cd5800 nmethod 194 0x0000000002807e50 code [0x00000000028081c0, 0x000000000280a298]
Event: 0.311 Thread 0x0000000014cd5800  204       3       java.lang.String::<init> (10 bytes)
Event: 0.311 Thread 0x0000000014cd5800 nmethod 204 0x000000000280b3d0 code [0x000000000280b520, 0x000000000280b6f0]
Event: 0.311 Thread 0x0000000014cd5800  205       3       java.lang.invoke.MemberName::testAllFlags (7 bytes)
Event: 0.311 Thread 0x0000000014cd5800 nmethod 205 0x000000000280b790 code [0x000000000280b900, 0x000000000280bb10]
Event: 0.311 Thread 0x0000000014cd5800  200       3       jdk.internal.org.objectweb.asm.Frame::execute (2252 bytes)
Event: 0.313 Thread 0x0000000014cbf800  214       4       jdk.internal.org.objectweb.asm.ByteVector::putUTF8 (142 bytes)

GC Heap History (0 events):
No events

Deoptimization events (0 events):
No events

Internal exceptions (9 events):
Event: 0.053 Thread 0x00000000009ad800 Exception <a 'java/lang/NoSuchMethodError': Method sun.misc.Unsafe.defineClass(Ljava/lang/String;[BII)Ljava/lang/Class; name or signature does not match> (0x00000000eb187ca8) thrown at [C:\re\workspace\8-2-build-windows-amd64-cygwin\jdk8u141\9370\hotspot\
Event: 0.053 Thread 0x00000000009ad800 Exception <a 'java/lang/NoSuchMethodError': Method sun.misc.Unsafe.prefetchRead(Ljava/lang/Object;J)V name or signature does not match> (0x00000000eb187f90) thrown at [C:\re\workspace\8-2-build-windows-amd64-cygwin\jdk8u141\9370\hotspot\src\share\vm\prims
Event: 0.192 Thread 0x00000000009ad800 Exception <a 'java/security/PrivilegedActionException'> (0x00000000eb2fa678) thrown at [C:\re\workspace\8-2-build-windows-amd64-cygwin\jdk8u141\9370\hotspot\src\share\vm\prims\jvm.cpp, line 1390]
Event: 0.192 Thread 0x00000000009ad800 Exception <a 'java/security/PrivilegedActionException'> (0x00000000eb2fa888) thrown at [C:\re\workspace\8-2-build-windows-amd64-cygwin\jdk8u141\9370\hotspot\src\share\vm\prims\jvm.cpp, line 1390]
Event: 0.193 Thread 0x00000000009ad800 Exception <a 'java/security/PrivilegedActionException'> (0x00000000eb2fe4f8) thrown at [C:\re\workspace\8-2-build-windows-amd64-cygwin\jdk8u141\9370\hotspot\src\share\vm\prims\jvm.cpp, line 1390]
Event: 0.193 Thread 0x00000000009ad800 Exception <a 'java/security/PrivilegedActionException'> (0x00000000eb2fe708) thrown at [C:\re\workspace\8-2-build-windows-amd64-cygwin\jdk8u141\9370\hotspot\src\share\vm\prims\jvm.cpp, line 1390]
Event: 0.207 Thread 0x00000000009ad800 Exception <a 'java/io/FileNotFoundException'> (0x00000000eb300920) thrown at [C:\re\workspace\8-2-build-windows-amd64-cygwin\jdk8u141\9370\hotspot\src\share\vm\prims\jni.cpp, line 709]
Event: 0.310 Thread 0x00000000009ad800 Exception <a 'java/lang/NoSuchFieldError': method resolution failed> (0x00000000eb3ce440) thrown at [C:\re\workspace\8-2-build-windows-amd64-cygwin\jdk8u141\9370\hotspot\src\share\vm\prims\methodHandles.cpp, line 1146]
Event: 0.314 Thread 0x00000000009ad800 Exception <a 'java/lang/NoSuchFieldError': method resolution failed> (0x00000000eb3db810) thrown at [C:\re\workspace\8-2-build-windows-amd64-cygwin\jdk8u141\9370\hotspot\src\share\vm\prims\methodHandles.cpp, line 1146]

Events (10 events):
Event: 0.290 loading class java/lang/invoke/WrongMethodTypeException
Event: 0.290 loading class java/lang/invoke/WrongMethodTypeException done
Event: 0.292 loading class java/lang/invoke/MethodHandleImpl$Lazy
Event: 0.293 loading class java/lang/invoke/MethodHandleImpl$Lazy done
Event: 0.293 loading class java/lang/invoke/MethodHandleImpl$IntrinsicMethodHandle
Event: 0.293 loading class java/lang/invoke/MethodHandleImpl$IntrinsicMethodHandle done
Event: 0.310 loading class java/lang/NoSuchFieldError
Event: 0.310 loading class java/lang/NoSuchFieldError done
Event: 0.311 loading class java/lang/IllegalAccessException
Event: 0.311 loading class java/lang/IllegalAccessException done


Dynamic libraries:
0x00007ff64c0a0000 - 0x00007ff64c0d7000 	C:\Program Files\Java\jre1.8.0_141\bin\javaw.exe
0x00007ffc65150000 - 0x00007ffc65311000 	C:\WINDOWS\SYSTEM32\ntdll.dll
0x00007ffc62c80000 - 0x00007ffc62d2d000 	C:\WINDOWS\system32\KERNEL32.DLL
0x00007ffc620b0000 - 0x00007ffc62298000 	C:\WINDOWS\system32\KERNELBASE.dll
0x00007ffc62f00000 - 0x00007ffc62fa7000 	C:\WINDOWS\system32\ADVAPI32.dll
0x00007ffc63610000 - 0x00007ffc636ad000 	C:\WINDOWS\system32\msvcrt.dll
0x00007ffc65090000 - 0x00007ffc650eb000 	C:\WINDOWS\system32\sechost.dll
0x00007ffc62fb0000 - 0x00007ffc630cc000 	C:\WINDOWS\system32\RPCRT4.dll
0x00007ffc62560000 - 0x00007ffc626b6000 	C:\WINDOWS\system32\USER32.dll
0x00007ffc62ad0000 - 0x00007ffc62c57000 	C:\WINDOWS\system32\GDI32.dll
0x00007ffc53e50000 - 0x00007ffc540c4000 	C:\WINDOWS\WinSxS\amd64_microsoft.windows.common-controls_6595b64144ccf1df_6.0.10586.839_none_a2ddba30a539a2ae\COMCTL32.dll
0x00007ffc62720000 - 0x00007ffc6299e000 	C:\WINDOWS\system32\combase.dll
0x00007ffc622f0000 - 0x00007ffc6235a000 	C:\WINDOWS\system32\bcryptPrimitives.dll
0x00007ffc650f0000 - 0x00007ffc6512b000 	C:\WINDOWS\system32\IMM32.DLL
0x0000000064c60000 - 0x0000000064d32000 	C:\Program Files\Java\jre1.8.0_141\bin\msvcr100.dll
0x0000000065800000 - 0x000000006609d000 	C:\Program Files\Java\jre1.8.0_141\bin\server\jvm.dll
0x00007ffc62550000 - 0x00007ffc62558000 	C:\WINDOWS\system32\PSAPI.DLL
0x00007ffc5e580000 - 0x00007ffc5e589000 	C:\WINDOWS\SYSTEM32\WSOCK32.dll
0x00007ffc62e90000 - 0x00007ffc62efb000 	C:\WINDOWS\system32\WS2_32.dll
0x00007ffc5fa80000 - 0x00007ffc5faa3000 	C:\WINDOWS\SYSTEM32\WINMM.dll
0x00007ffc56de0000 - 0x00007ffc56dea000 	C:\WINDOWS\SYSTEM32\VERSION.dll
0x00007ffc5fa50000 - 0x00007ffc5fa7c000 	C:\WINDOWS\SYSTEM32\WINMMBASE.dll
0x00007ffc622a0000 - 0x00007ffc622e3000 	C:\WINDOWS\system32\cfgmgr32.dll
0x0000000065710000 - 0x000000006571f000 	C:\Program Files\Java\jre1.8.0_141\bin\verify.dll
0x00000000656e0000 - 0x0000000065709000 	C:\Program Files\Java\jre1.8.0_141\bin\java.dll
0x00000000656c0000 - 0x00000000656d6000 	C:\Program Files\Java\jre1.8.0_141\bin\zip.dll
0x00007ffc63b30000 - 0x00007ffc6508c000 	C:\WINDOWS\system32\SHELL32.dll
0x00007ffc61800000 - 0x00007ffc61e44000 	C:\WINDOWS\system32\windows.storage.dll
0x00007ffc63ad0000 - 0x00007ffc63b22000 	C:\WINDOWS\system32\shlwapi.dll
0x00007ffc617f0000 - 0x00007ffc617ff000 	C:\WINDOWS\system32\kernel.appcore.dll
0x00007ffc61ff0000 - 0x00007ffc620a5000 	C:\WINDOWS\system32\shcore.dll
0x00007ffc61780000 - 0x00007ffc617cb000 	C:\WINDOWS\system32\powrprof.dll
0x00007ffc617d0000 - 0x00007ffc617e4000 	C:\WINDOWS\system32\profapi.dll
0x0000000064de0000 - 0x0000000064f78000 	C:\Program Files\Java\jre1.8.0_141\bin\awt.dll
0x00007ffc62a00000 - 0x00007ffc62ac6000 	C:\WINDOWS\system32\OLEAUT32.dll
0x00007ffc60020000 - 0x00007ffc60099000 	C:\WINDOWS\system32\apphelp.dll

VM Arguments:
jvm_args: -Dfile.encoding=Cp1252 
java_command: com.javatpoint.Userlogin
java_class_path (initial): D:\softwares\eclipse\eclipse for java\javaorm\bin;E:\softwere\Video\spcorejars\ojdbc14.jar;D:\hibernate-3.0.1.jar;D:\hibernate-core-4.1.1.final.jar;D:\javax.transaction.jar;D:\org.apache.commons.dbcp.jar;D:\org.apache.commons.pool.jar;E:\softwere\Video\springjars\persistCore\org.springframework.jdbc-3.0.1.RELEASE-A.jar;E:\softwere\Video\springjars\persistCore\org.springframework.orm-3.0.1.RELEASE-A.jar;E:\softwere\Video\springjars\persistCore\org.springframework.transaction-3.0.1.RELEASE-A.jar;E:\softwere\Video\springjars\persistCore\persistence.jar;E:\softwere\Video\spcorejars\org.springframework.expression-3.0.1.RELEASE-A.jar;E:\softwere\Video\spcorejars\org.springframework.core-3.0.1.RELEASE-A.jar;E:\softwere\Video\spcorejars\org.springframework.context-3.0.1.RELEASE-A.jar;E:\softwere\Video\spcorejars\org.springframework.beans-3.0.1.RELEASE-A.jar;E:\softwere\Video\spcorejars\org.springframework.asm-3.0.1.RELEASE-A.jar;E:\softwere\Video\spcorejars\jmxtools-1.2.1.jar;E:\softwere\Video\spcorejars\com.springsource.org.apache.log4j-1.2.15.jar;E:\softwere\Video\spcorejars\com.springsource.org.apache.commons.logging-1.1.1.jar;E:\softwere\Video\mysql-connector-java-5.1.44\mysql-connector-java-5.1.44-bin.jar;D:\hibernatejar\antlr-2.7.6.jar;D:\hibernatejar\asm.jar;D:\hibernatejar\asm-attrs.jar;D:\hibernatejar\c3p0-0.9.1.jar;D:\hibernatejar\cglib-2.1.3.jar;D:\hibernatejar\commons-collections-2.1.1.jar;D:\hibernatejar\commons-logging-1.0.4.jar;D:\hibernatejar\dom4j-1.6.1.jar;D:\hibernatejar\ehcache-1.2.3.jar;D:\hibernatejar\ejb3-persistence.jar;D:\hibernatejar\hibernate3.jar;D:\hibernatejar\hibernate-annotations.jar;D:\hibernatejar\hibernate-commons-annotations.jar;D:\hibernatejar\hibernate-validator.jar;D:\hibernatejar\jdbc2_0-stdext.jar;D:\hibernatejar\jta.jar;D:\hibernatejar\log4j-1.2.11.jar;D:\hibernatejar\xerces-2.6.2.jar
Launcher Type: SUN_STANDARD

Environment Variables:
PATH=C:/Program Files/Java/jre1.8.0_141/bin/server;C:/Program Files/Java/jre1.8.0_141/bin;C:/Program Files/Java/jre1.8.0_141/lib/amd64;C:\ProgramData\Oracle\Java\javapath;C:\Program Files (x86)\Intel\iCLS Client\;C:\Program Files\Intel\iCLS Client\;C:\WINDOWS\system32;C:\WINDOWS;C:\WINDOWS\System32\Wbem;C:\WINDOWS\System32\WindowsPowerShell\v1.0\;C:\Program Files (x86)\Intel\Intel(R) Management Engine Components\DAL;C:\Program Files\Intel\Intel(R) Management Engine Components\DAL;C:\Program Files (x86)\Intel\Intel(R) Management Engine Components\IPT;C:\Program Files\Intel\Intel(R) Management Engine Components\IPT;C:\Python27;C:\Users\omani\AppData\Local\GitHubDesktop\bin;E:\softwere\Video\eclipse;
USERNAME=omani
OS=Windows_NT
PROCESSOR_IDENTIFIER=Intel64 Family 6 Model 61 Stepping 4, GenuineIntel



---------------  S Y S T E M  ---------------

OS: Windows 10.0 , 64 bit Build 10586 (10.0.10586.589)

CPU:total 4 (initial active 4) (2 cores per cpu, 2 threads per core) family 6 model 61 stepping 4, cmov, cx8, fxsr, mmx, sse, sse2, sse3, ssse3, sse4.1, sse4.2, popcnt, avx, avx2, aes, clmul, erms, 3dnowpref, lzcnt, ht, tsc, tscinvbit, bmi1, bmi2, adx

Memory: 4k page, physical 4107804k(950120k free), swap 4493444k(2684k free)

vm_info: Java HotSpot(TM) 64-Bit Server VM (25.141-b15) for windows-amd64 JRE (1.8.0_141-b15), built on Jul 12 2017 04:25:12 by "java_re" with MS VC++ 10.0 (VS2010)

time: Wed Nov 15 00:16:02 2017
elapsed time: 0 seconds (0d 0h 0m 0s)

