#
# There is insufficient memory for the Java Runtime Environment to continue.
# Native memory allocation (malloc) failed to allocate 1048576 bytes for AllocateHeap
# Possible reasons:
#   The system is out of physical RAM or swap space
#   In 32 bit mode, the process size limit was hit
# Possible solutions:
#   Reduce memory load on the system
#   Increase physical memory or swap space
#   Check if swap backing store is full
#   Use 64 bit Java on a 64 bit OS
#   Decrease Java heap size (-Xmx/-Xms)
#   Decrease number of Java threads
#   Decrease Java thread stack sizes (-Xss)
#   Set larger code cache with -XX:ReservedCodeCacheSize=
# This output file may be truncated or incomplete.
#
#  Out of Memory Error (memory/allocation.inline.hpp:61), pid=6608, tid=0x0000000000001a00
#
# JRE version:  (8.0_141-b15) (build )
# Java VM: Java HotSpot(TM) 64-Bit Server VM (25.141-b15 mixed mode windows-amd64 compressed oops)
# Failed to write core dump. Minidumps are not enabled by default on client versions of Windows
#

---------------  T H R E A D  ---------------

Current thread (0x00000000011ad800):  JavaThread "Unknown thread" [_thread_in_vm, id=6656, stack(0x0000000002b10000,0x0000000002c10000)]

Stack: [0x0000000002b10000,0x0000000002c10000]
[error occurred during error reporting (printing stack bounds), id 0xc0000005]

Native frames: (J=compiled Java code, j=interpreted, Vv=VM code, C=native code)


---------------  P R O C E S S  ---------------

Java Threads: ( => current thread )

Other Threads:

=>0x00000000011ad800 (exited) JavaThread "Unknown thread" [_thread_in_vm, id=6656, stack(0x0000000002b10000,0x0000000002c10000)]

VM state:not at safepoint (normal execution)

VM Mutex/Monitor currently owned by a thread: None

Heap:
 PSYoungGen      total 18944K, used 327K [0x00000000eb180000, 0x00000000ec680000, 0x0000000100000000)
  eden space 16384K, 2% used [0x00000000eb180000,0x00000000eb1d1ec8,0x00000000ec180000)
  from space 2560K, 0% used [0x00000000ec400000,0x00000000ec400000,0x00000000ec680000)
  to   space 2560K, 0% used [0x00000000ec180000,0x00000000ec180000,0x00000000ec400000)
 ParOldGen       total 44032K, used 0K [0x00000000c1400000, 0x00000000c3f00000, 0x00000000eb180000)
  object space 44032K, 0% used [0x00000000c1400000,0x00000000c1400000,0x00000000c3f00000)
 Metaspace       used 746K, capacity 4480K, committed 4480K, reserved 1056768K
  class space    used 75K, capacity 384K, committed 384K, reserved 1048576K

Card table byte_map: [0x00000000120d0000,0x00000000122d0000] byte_map_base: 0x0000000011ac6000

Marking Bits: (ParMarkBitMap*) 0x000000006601d850
 Begin Bits: [0x0000000012820000, 0x00000000137d0000)
 End Bits:   [0x00000000137d0000, 0x0000000014780000)

Polling page: 0x0000000001160000

CodeCache: size=245760Kb used=328Kb max_used=328Kb free=245431Kb
 bounds [0x0000000002d10000, 0x0000000002f80000, 0x0000000011d10000]
 total_blobs=58 nmethods=0 adapters=38
 compilation: enabled

Compilation events (0 events):
No events

GC Heap History (0 events):
No events

Deoptimization events (0 events):
No events

Internal exceptions (0 events):
No events

Events (10 events):
Event: 0.031 loading class java/lang/Short
Event: 0.031 loading class java/lang/Short done
Event: 0.031 loading class java/lang/Integer
Event: 0.031 loading class java/lang/Integer done
Event: 0.031 loading class java/lang/Long
Event: 0.031 loading class java/lang/Long done
Event: 0.032 loading class java/lang/NullPointerException
Event: 0.032 loading class java/lang/NullPointerException done
Event: 0.032 loading class java/lang/ArithmeticException
Event: 0.032 loading class java/lang/ArithmeticException done


Dynamic libraries:
0x00007ff64c0a0000 - 0x00007ff64c0d7000 	C:\Program Files\Java\jre1.8.0_141\bin\javaw.exe
0x00007ffc65150000 - 0x00007ffc65311000 	C:\WINDOWS\SYSTEM32\ntdll.dll
0x00007ffc62c80000 - 0x00007ffc62d2d000 	C:\WINDOWS\system32\KERNEL32.DLL
0x00007ffc620b0000 - 0x00007ffc62298000 	C:\WINDOWS\system32\KERNELBASE.dll
0x00007ffc62f00000 - 0x00007ffc62fa7000 	C:\WINDOWS\system32\ADVAPI32.dll
0x00007ffc63610000 - 0x00007ffc636ad000 	C:\WINDOWS\system32\msvcrt.dll
0x00007ffc65090000 - 0x00007ffc650eb000 	C:\WINDOWS\system32\sechost.dll
0x00007ffc62fb0000 - 0x00007ffc630cc000 	C:\WINDOWS\system32\RPCRT4.dll
0x00007ffc62560000 - 0x00007ffc626b6000 	C:\WINDOWS\system32\USER32.dll
0x00007ffc62ad0000 - 0x00007ffc62c57000 	C:\WINDOWS\system32\GDI32.dll
0x00007ffc53e50000 - 0x00007ffc540c4000 	C:\WINDOWS\WinSxS\amd64_microsoft.windows.common-controls_6595b64144ccf1df_6.0.10586.839_none_a2ddba30a539a2ae\COMCTL32.dll
0x00007ffc62720000 - 0x00007ffc6299e000 	C:\WINDOWS\system32\combase.dll
0x00007ffc622f0000 - 0x00007ffc6235a000 	C:\WINDOWS\system32\bcryptPrimitives.dll
0x00007ffc650f0000 - 0x00007ffc6512b000 	C:\WINDOWS\system32\IMM32.DLL
0x0000000064c60000 - 0x0000000064d32000 	C:\Program Files\Java\jre1.8.0_141\bin\msvcr100.dll
0x0000000065800000 - 0x000000006609d000 	C:\Program Files\Java\jre1.8.0_141\bin\server\jvm.dll
0x00007ffc62550000 - 0x00007ffc62558000 	C:\WINDOWS\system32\PSAPI.DLL
0x00007ffc5fa80000 - 0x00007ffc5faa3000 	C:\WINDOWS\SYSTEM32\WINMM.dll
0x00007ffc5e580000 - 0x00007ffc5e589000 	C:\WINDOWS\SYSTEM32\WSOCK32.dll
0x00007ffc56de0000 - 0x00007ffc56dea000 	C:\WINDOWS\SYSTEM32\VERSION.dll
0x00007ffc62e90000 - 0x00007ffc62efb000 	C:\WINDOWS\system32\WS2_32.dll
0x00007ffc5fa50000 - 0x00007ffc5fa7c000 	C:\WINDOWS\SYSTEM32\WINMMBASE.dll
0x00007ffc622a0000 - 0x00007ffc622e3000 	C:\WINDOWS\system32\cfgmgr32.dll
0x0000000065710000 - 0x000000006571f000 	C:\Program Files\Java\jre1.8.0_141\bin\verify.dll
0x00000000656e0000 - 0x0000000065709000 	C:\Program Files\Java\jre1.8.0_141\bin\java.dll
0x00000000656c0000 - 0x00000000656d6000 	C:\Program Files\Java\jre1.8.0_141\bin\zip.dll

VM Arguments:
jvm_args: -Dfile.encoding=Cp1252 
java_command: com.javatpoint.Userlogin
java_class_path (initial): D:\softwares\eclipse\eclipse for java\javaorm\bin;E:\softwere\Video\spcorejars\ojdbc14.jar;D:\hibernate-3.0.1.jar;D:\hibernate-core-4.1.1.final.jar;D:\javax.transaction.jar;D:\org.apache.commons.dbcp.jar;D:\org.apache.commons.pool.jar;E:\softwere\Video\springjars\persistCore\org.springframework.jdbc-3.0.1.RELEASE-A.jar;E:\softwere\Video\springjars\persistCore\org.springframework.orm-3.0.1.RELEASE-A.jar;E:\softwere\Video\springjars\persistCore\org.springframework.transaction-3.0.1.RELEASE-A.jar;E:\softwere\Video\springjars\persistCore\persistence.jar;E:\softwere\Video\spcorejars\org.springframework.expression-3.0.1.RELEASE-A.jar;E:\softwere\Video\spcorejars\org.springframework.core-3.0.1.RELEASE-A.jar;E:\softwere\Video\spcorejars\org.springframework.context-3.0.1.RELEASE-A.jar;E:\softwere\Video\spcorejars\org.springframework.beans-3.0.1.RELEASE-A.jar;E:\softwere\Video\spcorejars\org.springframework.asm-3.0.1.RELEASE-A.jar;E:\softwere\Video\spcorejars\jmxtools-1.2.1.jar;E:\softwere\Video\spcorejars\com.springsource.org.apache.log4j-1.2.15.jar;E:\softwere\Video\spcorejars\com.springsource.org.apache.commons.logging-1.1.1.jar;E:\softwere\Video\mysql-connector-java-5.1.44\mysql-connector-java-5.1.44-bin.jar;D:\hibernatejar\antlr-2.7.6.jar;D:\hibernatejar\asm.jar;D:\hibernatejar\asm-attrs.jar;D:\hibernatejar\c3p0-0.9.1.jar;D:\hibernatejar\cglib-2.1.3.jar;D:\hibernatejar\commons-collections-2.1.1.jar;D:\hibernatejar\commons-logging-1.0.4.jar;D:\hibernatejar\dom4j-1.6.1.jar;D:\hibernatejar\ehcache-1.2.3.jar;D:\hibernatejar\ejb3-persistence.jar;D:\hibernatejar\hibernate3.jar;D:\hibernatejar\hibernate-annotations.jar;D:\hibernatejar\hibernate-commons-annotations.jar;D:\hibernatejar\hibernate-validator.jar;D:\hibernatejar\jdbc2_0-stdext.jar;D:\hibernatejar\jta.jar;D:\hibernatejar\log4j-1.2.11.jar;D:\hibernatejar\xerces-2.6.2.jar
Launcher Type: SUN_STANDARD

Environment Variables:
PATH=C:/Program Files/Java/jre1.8.0_141/bin/server;C:/Program Files/Java/jre1.8.0_141/bin;C:/Program Files/Java/jre1.8.0_141/lib/amd64;C:\ProgramData\Oracle\Java\javapath;C:\Program Files (x86)\Intel\iCLS Client\;C:\Program Files\Intel\iCLS Client\;C:\WINDOWS\system32;C:\WINDOWS;C:\WINDOWS\System32\Wbem;C:\WINDOWS\System32\WindowsPowerShell\v1.0\;C:\Program Files (x86)\Intel\Intel(R) Management Engine Components\DAL;C:\Program Files\Intel\Intel(R) Management Engine Components\DAL;C:\Program Files (x86)\Intel\Intel(R) Management Engine Components\IPT;C:\Program Files\Intel\Intel(R) Management Engine Components\IPT;C:\Python27;C:\Users\omani\AppData\Local\GitHubDesktop\bin;E:\softwere\Video\eclipse;
USERNAME=omani
OS=Windows_NT
PROCESSOR_IDENTIFIER=Intel64 Family 6 Model 61 Stepping 4, GenuineIntel



---------------  S Y S T E M  ---------------

OS: Windows 10.0 , 64 bit Build 10586 (10.0.10586.589)

CPU:total 4 (initial active 4) (2 cores per cpu, 2 threads per core) family 6 model 61 stepping 4, cmov, cx8, fxsr, mmx, sse, sse2, sse3, ssse3, sse4.1, sse4.2, popcnt, avx, avx2, aes, clmul, erms, 3dnowpref, lzcnt, ht, tsc, tscinvbit, bmi1, bmi2, adx

Memory: 4k page, physical 4107804k(965112k free), swap 4493444k(5660k free)

vm_info: Java HotSpot(TM) 64-Bit Server VM (25.141-b15) for windows-amd64 JRE (1.8.0_141-b15), built on Jul 12 2017 04:25:12 by "java_re" with MS VC++ 10.0 (VS2010)

time: Wed Nov 15 00:15:48 2017
elapsed time: 0 seconds (0d 0h 0m 0s)

